<?xml version="1.0" encoding="UTF-8"?>
<testsuite name="JUnit Jupiter" tests="1" skipped="0" failures="0" errors="0" time="1.112" hostname="debian" timestamp="2018-05-11T07:10:56">
<properties>
[...]
</properties>
<testcase name="testGreetings()" classname="ApplicationTest" time="1.036">
<system-out><![CDATA[
unique-id: [engine:junit-jupiter]/[class:ApplicationTest]/[method:testGreetings()]
display-name: testGreetings()
]]></system-out>
</testcase>
<system-out><![CDATA[
unique-id: [engine:junit-jupiter]
display-name: JUnit Jupiter
]]></system-out>
</testsuite>
